<?xml version="1.0" encoding="UTF-8"?>
<!-- Generated by org.testng.reporters.JUnitReportReporter -->
<testsuite hostname="DESKTOP-LMQEG5V" failures="0" tests="1" name="TestCases.CaseAllocation" time="10.665" errors="0" timestamp="2024-09-12T15:44:54 IST" skipped="0">
  <testcase classname="TestCases.CaseAllocation" name="allocationCheck" time="10.665"/>
  <system-out/>
</testsuite> <!-- TestCases.CaseAllocation -->
