<?xml version="1.0" encoding="UTF-8"?>
<!-- Generated by org.testng.reporters.JUnitReportReporter -->
<testsuite hostname="DESKTOP-LMQEG5V" failures="0" tests="1" name="TestCases.CaseAllocation" time="13.760" errors="0" timestamp="2024-11-30T15:12:17 IST" skipped="0">
  <testcase classname="TestCases.CaseAllocation" name="allocationCheck" time="13.760"/>
  <system-out/>
</testsuite> <!-- TestCases.CaseAllocation -->
