<?xml version="1.0" encoding="UTF-8"?>
<!-- Generated by org.testng.reporters.JUnitReportReporter -->
<testsuite hostname="DESKTOP-LMQEG5V" failures="0" tests="1" name="TestCases.customerQuotation" time="26.932" errors="0" timestamp="2024-11-30T18:55:45 IST" skipped="0">
  <testcase classname="TestCases.customerQuotation" name="generateQuote" time="26.932"/>
  <system-out/>
</testsuite> <!-- TestCases.customerQuotation -->
