<?xml version="1.0" encoding="UTF-8"?>
<!-- Generated by org.testng.reporters.JUnitReportReporter -->
<testsuite hostname="DESKTOP-LMQEG5V" failures="0" tests="1" name="TestCases.customerQuotation" time="30.594" errors="0" timestamp="2024-12-03T23:59:06 IST" skipped="0">
  <testcase classname="TestCases.customerQuotation" name="generateQuote" time="30.594"/>
  <system-out/>
</testsuite> <!-- TestCases.customerQuotation -->
