<?xml version="1.0" encoding="UTF-8"?>
<!-- Generated by org.testng.reporters.JUnitReportReporter -->
<testsuite hostname="DESKTOP-LMQEG5V" failures="0" tests="1" name="TestCases.createCaseTest" time="22.963" errors="0" timestamp="2024-11-21T17:16:39 IST" skipped="0">
  <testcase classname="TestCases.createCaseTest" name="newCaseCreation" time="22.963"/>
  <system-out/>
</testsuite> <!-- TestCases.createCaseTest -->
