<?xml version="1.0" encoding="UTF-8"?>
<!-- Generated by org.testng.reporters.JUnitReportReporter -->
<testsuite hostname="DESKTOP-LMQEG5V" failures="0" tests="1" name="TestCases.CaseAllocation" time="14.851" errors="0" timestamp="2024-09-12T16:19:50 IST" skipped="0">
  <testcase classname="TestCases.CaseAllocation" name="allocationCheck" time="14.851"/>
</testsuite> <!-- TestCases.CaseAllocation -->
